<?xml version="1.0" encoding="UTF-8"?>
<testng-results skipped="0" failed="0" ignored="0" total="1" passed="1">
  <reporter-output>
  </reporter-output>
  <suite name="Default suite" duration-ms="62007" started-at="2020-06-19T16:02:16Z" finished-at="2020-06-19T16:03:18Z">
    <groups>
    </groups>
    <test name="Default test" duration-ms="62007" started-at="2020-06-19T16:02:16Z" finished-at="2020-06-19T16:03:18Z">
      <class name="flipkart_project.Flipkart_shopping">
        <test-method status="PASS" signature="shop()[pri:0, instance:flipkart_project.Flipkart_shopping@7b69c6ba]" name="shop" duration-ms="61983" started-at="2020-06-19T16:02:16Z" finished-at="2020-06-19T16:03:18Z">
          <reporter-output>
          </reporter-output>
        </test-method> <!-- shop -->
      </class> <!-- flipkart_project.Flipkart_shopping -->
    </test> <!-- Default test -->
  </suite> <!-- Default suite -->
</testng-results>
